[debug] ----------------------------------------------------------------------
[debug] Command:      D:\Program Files\nodejs\node.exe C:\Users\qucks\AppData\Roaming\npm\node_modules\firebase-tools\bin\firebase deploy
[debug] CLI Version:  3.2.0
[debug] Platform:     win32
[debug] Node Version: v9.0.0
[debug] Time:         Mon Jan 29 2018 16:46:43 GMT-0400 (SA Western Standard Time)
[debug] ----------------------------------------------------------------------
[debug] 
[debug] > command requires scopes: ["email","openid","https://www.googleapis.com/auth/cloudplatformprojects.readonly","https://www.googleapis.com/auth/firebase"]
[debug] >>> HTTP REQUEST GET https://admin.firebase.com/v1/projects/tokenfund-b4986 
[debug] <<< HTTP RESPONSE 200
[debug] >>> HTTP REQUEST GET https://admin.firebase.com/v1/database/tokenfund-b4986/tokens 
[debug] <<< HTTP RESPONSE 200
[info] 
[info] === Deploying to 'tokenfund-b4986'...
[info] 
[info] i  deploying database, hosting
[info] +  database: rules ready to deploy.
[info] i  hosting: preparing public directory for upload...
[debug] >>> HTTP REQUEST PUT https://deploy.firebase.com/v1/hosting/tokenfund-b4986/uploads/-L42f0HH3RglAmNI4Kkr?fileCount=45&message= 
[debug] Error: write ECONNRESET
    at _errnoException (util.js:1031:13)
    at WriteWrap.afterWrite [as oncomplete] (net.js:873:14)
[error] 
[error] Error: Server Error. write ECONNRESET
